TN:
SF:controllers\adminController.js
FN:7,(anonymous_0)
FN:16,(anonymous_1)
FN:27,(anonymous_2)
FN:35,(anonymous_3)
FNF:4
FNH:0
FNDA:0,(anonymous_0)
FNDA:0,(anonymous_1)
FNDA:0,(anonymous_2)
FNDA:0,(anonymous_3)
DA:3,1
DA:4,1
DA:7,1
DA:8,0
DA:16,1
DA:17,0
DA:18,0
DA:22,0
DA:27,1
DA:28,0
DA:29,0
DA:30,0
DA:35,1
DA:36,0
DA:37,0
DA:39,0
DA:41,0
DA:42,0
DA:43,0
DA:45,0
LF:20
LH:6
BRDA:43,0,0,0
BRDA:43,0,1,0
BRF:2
BRH:0
end_of_record
TN:
SF:controllers\authController.js
FN:10,(anonymous_0)
FN:42,(anonymous_1)
FN:84,(anonymous_2)
FN:96,(anonymous_3)
FN:136,(anonymous_4)
FNF:5
FNH:2
FNDA:0,(anonymous_0)
FNDA:1,(anonymous_1)
FNDA:0,(anonymous_2)
FNDA:1,(anonymous_3)
FNDA:0,(anonymous_4)
DA:2,1
DA:3,1
DA:4,1
DA:5,1
DA:6,1
DA:7,1
DA:10,1
DA:11,0
DA:12,0
DA:15,0
DA:16,0
DA:20,0
DA:21,0
DA:22,0
DA:26,0
DA:27,0
DA:28,0
DA:32,0
DA:33,0
DA:36,0
DA:37,0
DA:42,1
DA:43,1
DA:44,1
DA:47,1
DA:48,1
DA:52,0
DA:53,0
DA:54,0
DA:58,0
DA:66,0
DA:67,0
DA:71,0
DA:74,0
DA:75,0
DA:78,0
DA:79,0
DA:84,1
DA:85,0
DA:87,0
DA:88,0
DA:90,0
DA:91,0
DA:96,1
DA:97,1
DA:100,1
DA:101,1
DA:104,0
DA:106,0
DA:109,0
DA:110,0
DA:114,0
DA:115,0
DA:116,0
DA:126,0
DA:127,0
DA:130,0
DA:131,0
DA:136,1
DA:137,0
DA:139,0
DA:142,0
DA:143,0
DA:147,0
DA:149,0
DA:151,0
DA:152,0
LF:67
LH:18
BRDA:15,0,0,0
BRDA:15,0,1,0
BRDA:15,1,0,0
BRDA:15,1,1,0
BRDA:21,2,0,0
BRDA:21,2,1,0
BRDA:27,3,0,0
BRDA:27,3,1,0
BRDA:47,4,0,1
BRDA:47,4,1,0
BRDA:47,5,0,1
BRDA:47,5,1,1
BRDA:47,5,2,1
BRDA:47,5,3,0
BRDA:53,6,0,0
BRDA:53,6,1,0
BRDA:66,7,0,0
BRDA:66,7,1,0
BRDA:66,8,0,0
BRDA:66,8,1,0
BRDA:66,8,2,0
BRDA:100,9,0,1
BRDA:100,9,1,0
BRDA:100,10,0,1
BRDA:100,10,1,0
BRDA:100,10,2,0
BRDA:109,11,0,0
BRDA:109,11,1,0
BRDA:115,12,0,0
BRDA:115,12,1,0
BRDA:142,13,0,0
BRDA:142,13,1,0
BRF:32
BRH:6
end_of_record
TN:
SF:controllers\capsuleController.js
FN:14,(anonymous_0)
FN:96,(anonymous_1)
FN:191,(anonymous_2)
FN:258,(anonymous_3)
FN:309,(anonymous_4)
FNF:5
FNH:0
FNDA:0,(anonymous_0)
FNDA:0,(anonymous_1)
FNDA:0,(anonymous_2)
FNDA:0,(anonymous_3)
FNDA:0,(anonymous_4)
DA:2,1
DA:3,1
DA:4,1
DA:5,1
DA:6,1
DA:7,1
DA:9,1
DA:10,1
DA:11,1
DA:14,1
DA:15,0
DA:16,0
DA:17,0
DA:20,0
DA:21,0
DA:25,0
DA:28,0
DA:29,0
DA:33,0
DA:34,0
DA:41,0
DA:44,0
DA:45,0
DA:46,0
DA:49,0
DA:52,0
DA:54,0
DA:55,0
DA:58,0
DA:76,0
DA:84,0
DA:90,0
DA:91,0
DA:96,1
DA:97,0
DA:98,0
DA:99,0
DA:102,0
DA:103,0
DA:105,0
DA:106,0
DA:107,0
DA:108,0
DA:112,0
DA:113,0
DA:114,0
DA:118,0
DA:119,0
DA:120,0
DA:127,0
DA:128,0
DA:129,0
DA:130,0
DA:137,0
DA:148,0
DA:149,0
DA:150,0
DA:153,0
DA:171,0
DA:179,0
DA:185,0
DA:186,0
DA:191,1
DA:192,0
DA:193,0
DA:194,0
DA:196,0
DA:197,0
DA:201,0
DA:202,0
DA:209,0
DA:210,0
DA:211,0
DA:220,0
DA:222,0
DA:226,0
DA:227,0
DA:234,0
DA:237,0
DA:242,0
DA:243,0
DA:245,0
DA:252,0
DA:253,0
DA:258,1
DA:259,0
DA:260,0
DA:261,0
DA:263,0
DA:265,0
DA:266,0
DA:269,0
DA:271,0
DA:272,0
DA:276,0
DA:277,0
DA:280,0
DA:281,0
DA:282,0
DA:287,0
DA:288,0
DA:289,0
DA:293,0
DA:303,0
DA:304,0
DA:309,1
DA:310,0
DA:311,0
DA:312,0
DA:313,0
DA:315,0
DA:317,0
DA:318,0
DA:322,0
DA:323,0
DA:325,0
DA:326,0
DA:333,0
DA:335,0
DA:342,0
DA:347,0
DA:348,0
LF:122
LH:14
BRDA:20,0,0,0
BRDA:20,0,1,0
BRDA:20,1,0,0
BRDA:20,1,1,0
BRDA:20,1,2,0
BRDA:20,1,3,0
BRDA:20,1,4,0
BRDA:20,1,5,0
BRDA:28,2,0,0
BRDA:28,2,1,0
BRDA:33,3,0,0
BRDA:33,3,1,0
BRDA:33,4,0,0
BRDA:33,4,1,0
BRDA:55,5,0,0
BRDA:55,5,1,0
BRDA:106,6,0,0
BRDA:106,6,1,0
BRDA:112,7,0,0
BRDA:112,7,1,0
BRDA:118,8,0,0
BRDA:118,8,1,0
BRDA:128,9,0,0
BRDA:128,9,1,0
BRDA:196,10,0,0
BRDA:196,10,1,0
BRDA:201,11,0,0
BRDA:201,11,1,0
BRDA:210,12,0,0
BRDA:210,12,1,0
BRDA:238,13,0,0
BRDA:238,13,1,0
BRDA:239,14,0,0
BRDA:239,14,1,0
BRDA:265,15,0,0
BRDA:265,15,1,0
BRDA:271,16,0,0
BRDA:271,16,1,0
BRDA:281,17,0,0
BRDA:281,17,1,0
BRDA:288,18,0,0
BRDA:288,18,1,0
BRDA:288,19,0,0
BRDA:288,19,1,0
BRDA:317,20,0,0
BRDA:317,20,1,0
BRDA:325,21,0,0
BRDA:325,21,1,0
BRDA:325,22,0,0
BRDA:325,22,1,0
BRF:50
BRH:0
end_of_record
TN:
SF:controllers\nftController.js
FN:10,(anonymous_0)
FN:37,(anonymous_1)
FN:51,(anonymous_2)
FN:68,(anonymous_3)
FN:106,(anonymous_4)
FN:145,(anonymous_5)
FN:159,(anonymous_6)
FNF:7
FNH:2
FNDA:0,(anonymous_0)
FNDA:0,(anonymous_1)
FNDA:1,(anonymous_2)
FNDA:0,(anonymous_3)
FNDA:0,(anonymous_4)
FNDA:1,(anonymous_5)
FNDA:0,(anonymous_6)
DA:1,1
DA:2,1
DA:3,1
DA:4,1
DA:5,1
DA:6,1
DA:7,1
DA:10,1
DA:11,0
DA:12,0
DA:15,0
DA:16,0
DA:17,0
DA:21,0
DA:22,0
DA:23,0
DA:26,0
DA:31,0
DA:32,0
DA:37,1
DA:38,0
DA:39,0
DA:42,0
DA:43,0
DA:45,0
DA:46,0
DA:51,1
DA:52,1
DA:53,1
DA:56,1
DA:57,0
DA:58,0
DA:60,0
DA:62,1
DA:63,1
DA:68,1
DA:69,0
DA:70,0
DA:73,0
DA:74,0
DA:78,0
DA:79,0
DA:80,0
DA:83,0
DA:84,0
DA:85,0
DA:87,0
DA:94,0
DA:100,0
DA:101,0
DA:106,1
DA:107,0
DA:108,0
DA:111,0
DA:112,0
DA:116,0
DA:117,0
DA:118,0
DA:121,0
DA:122,0
DA:123,0
DA:124,0
DA:126,0
DA:133,0
DA:139,0
DA:140,0
DA:145,1
DA:146,1
DA:147,1
DA:150,1
DA:151,0
DA:153,1
DA:154,1
DA:159,1
DA:160,0
DA:161,0
DA:163,0
DA:164,0
DA:168,0
DA:175,0
DA:176,0
DA:180,0
DA:181,0
DA:182,0
DA:185,0
DA:186,0
DA:187,0
DA:197,0
DA:199,0
DA:203,0
DA:204,0
DA:211,0
DA:214,0
DA:219,0
DA:220,0
DA:222,0
DA:229,0
DA:230,0
LF:98
LH:24
BRDA:16,0,0,0
BRDA:16,0,1,0
BRDA:22,1,0,0
BRDA:22,1,1,0
BRDA:57,2,0,0
BRDA:57,2,1,0
BRDA:73,3,0,0
BRDA:73,3,1,0
BRDA:73,4,0,0
BRDA:73,4,1,0
BRDA:79,5,0,0
BRDA:79,5,1,0
BRDA:89,6,0,0
BRDA:89,6,1,0
BRDA:111,7,0,0
BRDA:111,7,1,0
BRDA:111,8,0,0
BRDA:111,8,1,0
BRDA:117,9,0,0
BRDA:117,9,1,0
BRDA:128,10,0,0
BRDA:128,10,1,0
BRDA:163,11,0,0
BRDA:163,11,1,0
BRDA:163,12,0,0
BRDA:163,12,1,0
BRDA:175,13,0,0
BRDA:175,13,1,0
BRDA:181,14,0,0
BRDA:181,14,1,0
BRDA:186,15,0,0
BRDA:186,15,1,0
BRDA:215,16,0,0
BRDA:215,16,1,0
BRDA:216,17,0,0
BRDA:216,17,1,0
BRF:36
BRH:0
end_of_record
TN:
SF:controllers\notificationController.js
FN:6,(anonymous_0)
FN:25,(anonymous_1)
FN:43,(anonymous_2)
FN:57,(anonymous_3)
FN:70,(anonymous_4)
FNF:5
FNH:1
FNDA:1,(anonymous_0)
FNDA:0,(anonymous_1)
FNDA:0,(anonymous_2)
FNDA:0,(anonymous_3)
FNDA:0,(anonymous_4)
DA:1,1
DA:2,1
DA:3,1
DA:6,1
DA:7,1
DA:8,1
DA:11,1
DA:12,0
DA:16,1
DA:17,0
DA:19,1
DA:20,1
DA:25,1
DA:26,0
DA:27,0
DA:30,0
DA:32,0
DA:38,0
DA:43,1
DA:44,0
DA:45,0
DA:46,0
DA:49,0
DA:50,0
DA:52,0
DA:57,1
DA:58,0
DA:59,0
DA:62,0
DA:63,0
DA:65,0
DA:70,1
DA:71,0
DA:72,0
DA:75,0
DA:76,0
DA:78,0
LF:37
LH:14
BRDA:11,0,0,0
BRDA:11,0,1,1
BRDA:11,1,0,1
BRDA:11,1,1,1
BRDA:11,1,2,1
BRF:5
BRH:4
end_of_record
TN:
SF:controllers\storageController.js
FN:9,(anonymous_0)
FN:51,(anonymous_1)
FN:100,(anonymous_2)
FN:125,(anonymous_3)
FN:128,(anonymous_4)
FN:129,(anonymous_5)
FN:142,(anonymous_6)
FN:154,(anonymous_7)
FN:168,(anonymous_8)
FN:173,(anonymous_9)
FNF:10
FNH:0
FNDA:0,(anonymous_0)
FNDA:0,(anonymous_1)
FNDA:0,(anonymous_2)
FNDA:0,(anonymous_3)
FNDA:0,(anonymous_4)
FNDA:0,(anonymous_5)
FNDA:0,(anonymous_6)
FNDA:0,(anonymous_7)
FNDA:0,(anonymous_8)
FNDA:0,(anonymous_9)
DA:1,1
DA:2,1
DA:3,1
DA:4,1
DA:5,1
DA:6,1
DA:9,1
DA:10,0
DA:11,0
DA:14,0
DA:15,0
DA:16,0
DA:19,0
DA:21,0
DA:23,0
DA:24,0
DA:26,0
DA:34,0
DA:35,0
DA:42,0
DA:45,0
DA:46,0
DA:51,1
DA:52,0
DA:53,0
DA:56,0
DA:57,0
DA:61,0
DA:64,0
DA:67,0
DA:68,0
DA:69,0
DA:70,0
DA:72,0
DA:75,0
DA:76,0
DA:79,0
DA:87,0
DA:94,0
DA:95,0
DA:100,1
DA:101,0
DA:102,0
DA:103,0
DA:106,0
DA:107,0
DA:108,0
DA:112,0
DA:113,0
DA:117,0
DA:118,0
DA:119,0
DA:122,0
DA:125,0
DA:126,0
DA:128,0
DA:129,0
DA:131,0
DA:132,0
DA:135,0
DA:140,0
DA:143,0
DA:144,0
DA:148,0
DA:149,0
DA:154,1
DA:155,0
DA:156,0
DA:159,0
DA:160,0
DA:162,0
DA:163,0
DA:168,1
DA:169,0
DA:173,1
DA:174,0
DA:175,0
DA:176,0
DA:178,0
DA:179,0
DA:183,1
LF:81
LH:13
BRDA:15,0,0,0
BRDA:15,0,1,0
BRDA:15,1,0,0
BRDA:15,1,1,0
BRDA:30,2,0,0
BRDA:30,2,1,0
BRDA:34,3,0,0
BRDA:34,3,1,0
BRDA:34,4,0,0
BRDA:34,4,1,0
BRDA:56,5,0,0
BRDA:56,5,1,0
BRDA:68,6,0,0
BRDA:68,6,1,0
BRDA:70,7,0,0
BRDA:70,7,1,0
BRDA:75,8,0,0
BRDA:75,8,1,0
BRDA:107,9,0,0
BRDA:107,9,1,0
BRDA:112,10,0,0
BRDA:112,10,1,0
BRDA:118,11,0,0
BRDA:118,11,1,0
BRF:24
BRH:0
end_of_record
TN:
SF:controllers\userController.js
FN:8,(anonymous_0)
FN:31,(anonymous_1)
FN:58,(anonymous_2)
FN:89,(anonymous_3)
FN:104,(anonymous_4)
FNF:5
FNH:0
FNDA:0,(anonymous_0)
FNDA:0,(anonymous_1)
FNDA:0,(anonymous_2)
FNDA:0,(anonymous_3)
FNDA:0,(anonymous_4)
DA:1,1
DA:2,1
DA:3,1
DA:4,1
DA:5,1
DA:8,1
DA:9,0
DA:10,0
DA:11,0
DA:14,0
DA:15,0
DA:17,0
DA:25,0
DA:26,0
DA:31,1
DA:32,0
DA:33,0
DA:35,0
DA:36,0
DA:38,0
DA:39,0
DA:41,0
DA:42,0
DA:43,0
DA:47,0
DA:48,0
DA:50,0
DA:52,0
DA:53,0
DA:58,1
DA:59,0
DA:60,0
DA:63,0
DA:64,0
DA:65,0
DA:66,0
DA:67,0
DA:68,0
DA:70,0
DA:76,0
DA:77,0
DA:80,0
DA:82,0
DA:83,0
DA:89,1
DA:90,0
DA:91,0
DA:94,0
DA:95,0
DA:96,0
DA:98,0
DA:99,0
DA:104,1
DA:105,0
DA:106,0
DA:107,0
DA:109,0
DA:111,0
DA:112,0
LF:59
LH:10
BRDA:11,0,0,0
BRDA:11,0,1,0
BRDA:35,1,0,0
BRDA:35,1,1,0
BRDA:35,2,0,0
BRDA:35,2,1,0
BRDA:39,3,0,0
BRDA:39,3,1,0
BRDA:42,4,0,0
BRDA:42,4,1,0
BRDA:76,5,0,0
BRDA:76,5,1,0
BRDA:90,6,0,0
BRDA:90,6,1,0
BRDA:90,7,0,0
BRDA:90,7,1,0
BRDA:107,8,0,0
BRDA:107,8,1,0
BRF:18
BRH:0
end_of_record
TN:
SF:controllers\verificationController.js
FN:11,(anonymous_0)
FNF:1
FNH:1
FNDA:1,(anonymous_0)
DA:3,1
DA:4,1
DA:5,1
DA:6,1
DA:7,1
DA:8,1
DA:11,1
DA:12,1
DA:13,1
DA:16,0
DA:17,0
DA:20,0
DA:23,0
DA:27,0
DA:30,0
DA:33,0
DA:41,0
DA:42,0
DA:46,0
DA:49,0
DA:56,0
DA:64,1
DA:65,1
LF:23
LH:11
BRDA:30,0,0,0
BRDA:30,0,1,0
BRDA:41,1,0,0
BRDA:41,1,1,0
BRDA:41,2,0,0
BRDA:41,2,1,0
BRDA:46,3,0,0
BRDA:46,3,1,0
BRF:8
BRH:0
end_of_record
TN:
SF:middleware\authMiddleware.js
FN:9,requireAuth
FN:39,requireAdmin
FNF:2
FNH:1
FNDA:3,requireAuth
FNDA:0,requireAdmin
DA:2,1
DA:4,1
DA:5,1
DA:6,1
DA:11,3
DA:12,3
DA:14,0
DA:16,0
DA:17,0
DA:18,0
DA:22,0
DA:24,0
DA:31,0
DA:34,0
DA:41,0
DA:42,0
DA:46,0
DA:50,1
LF:18
LH:7
BRDA:12,0,0,3
BRDA:12,0,1,0
BRDA:17,1,0,0
BRDA:17,1,1,0
BRDA:41,2,0,0
BRDA:41,2,1,0
BRDA:41,3,0,0
BRDA:41,3,1,0
BRF:8
BRH:1
end_of_record
TN:
SF:models\ai.js
FNF:0
FNH:0
DA:1,1
DA:4,1
DA:32,1
LF:3
LH:3
BRF:0
BRH:0
end_of_record
TN:
SF:models\blacklistedToken.js
FNF:0
FNH:0
DA:3,1
DA:6,1
DA:21,1
LF:3
LH:3
BRF:0
BRH:0
end_of_record
TN:
SF:models\capsule.js
FNF:0
FNH:0
DA:1,1
DA:4,1
DA:72,1
LF:3
LH:3
BRF:0
BRH:0
end_of_record
TN:
SF:models\log.js
FNF:0
FNH:0
DA:1,1
DA:3,1
DA:22,1
LF:3
LH:3
BRF:0
BRH:0
end_of_record
TN:
SF:models\nft.js
FNF:0
FNH:0
DA:1,1
DA:4,1
DA:97,1
LF:3
LH:3
BRF:0
BRH:0
end_of_record
TN:
SF:models\notification.js
FNF:0
FNH:0
DA:1,1
DA:4,1
DA:63,1
LF:3
LH:3
BRF:0
BRH:0
end_of_record
TN:
SF:models\storage.js
FNF:0
FNH:0
DA:1,1
DA:4,1
DA:40,1
LF:3
LH:3
BRF:0
BRH:0
end_of_record
TN:
SF:models\user.js
FN:95,(anonymous_0)
FN:106,(anonymous_1)
FN:111,(anonymous_2)
FN:127,(anonymous_3)
FNF:4
FNH:0
FNDA:0,(anonymous_0)
FNDA:0,(anonymous_1)
FNDA:0,(anonymous_2)
FNDA:0,(anonymous_3)
DA:2,1
DA:3,1
DA:4,1
DA:7,1
DA:95,1
DA:97,0
DA:100,0
DA:101,0
DA:102,0
DA:106,1
DA:107,0
DA:111,1
DA:112,0
DA:123,0
DA:127,1
DA:128,0
DA:133,0
DA:134,0
DA:135,0
DA:139,1
DA:140,1
LF:21
LH:10
BRDA:97,0,0,0
BRDA:97,0,1,0
BRF:2
BRH:0
end_of_record
TN:
SF:routes\adminRoutes.js
FNF:0
FNH:0
DA:3,1
DA:4,1
DA:5,1
DA:6,1
DA:14,1
DA:18,1
DA:22,1
DA:26,1
DA:29,1
LF:9
LH:9
BRF:0
BRH:0
end_of_record
TN:
SF:routes\authRoutes.js
FNF:0
FNH:0
DA:3,1
DA:11,1
DA:13,1
DA:15,1
DA:19,1
DA:23,1
DA:27,1
DA:31,1
DA:35,1
DA:38,1
LF:10
LH:10
BRF:0
BRH:0
end_of_record
TN:
SF:routes\capsuleRoutes.js
FNF:0
FNH:0
DA:1,1
DA:2,1
DA:3,1
DA:6,1
DA:7,1
DA:9,1
DA:10,1
DA:16,1
DA:26,1
DA:35,1
DA:44,1
DA:53,1
DA:60,1
LF:13
LH:13
BRF:0
BRH:0
end_of_record
TN:
SF:routes\nftRoutes.js
FNF:0
FNH:0
DA:1,1
DA:2,1
DA:3,1
DA:7,1
DA:11,1
DA:15,1
DA:19,1
DA:23,1
DA:27,1
DA:31,1
DA:34,1
LF:11
LH:11
BRF:0
BRH:0
end_of_record
TN:
SF:routes\notificationRoutes.js
FNF:0
FNH:0
DA:1,1
DA:2,1
DA:3,1
DA:4,1
DA:9,1
DA:14,1
DA:19,1
DA:24,1
DA:29,1
DA:32,1
LF:10
LH:10
BRF:0
BRH:0
end_of_record
TN:
SF:routes\storageRoutes.js
FNF:0
FNH:0
DA:1,1
DA:2,1
DA:3,1
DA:6,1
DA:7,1
DA:9,1
DA:10,1
DA:16,1
DA:21,1
DA:27,1
DA:32,1
DA:37,1
DA:39,1
DA:42,1
LF:14
LH:14
BRF:0
BRH:0
end_of_record
TN:
SF:routes\userRoutes.js
FNF:0
FNH:0
DA:2,1
DA:3,1
DA:4,1
DA:6,1
DA:12,1
DA:18,1
DA:20,1
DA:22,1
DA:25,1
DA:28,1
LF:10
LH:10
BRF:0
BRH:0
end_of_record
TN:
SF:routes\verificationRoutes.js
FNF:0
FNH:0
DA:1,1
DA:2,1
DA:3,1
DA:6,1
DA:8,1
DA:14,1
DA:17,1
LF:7
LH:7
BRF:0
BRH:0
end_of_record
